Error: EBUSY: resource busy or locked, open 'x:\www\UPSO\__rzi_11996.19638'
    at Object.openSync (fs.js:466:3)
    at Object.func [as openSync] (electron/js2c/asar_bundle.js:5:1812)
    at Object.readFileSync (fs.js:368:35)
    at Object.e.readFileSync (electron/js2c/asar_bundle.js:5:8583)
    at VscodeEditor.getFileContent (c:\Users\Ger\.vscode\extensions\qiu8310.dot-template-vscode-0.1.2\out\adapter\VscodeEditor.js:187:19)
    at isFileEmpty (c:\Users\Ger\.vscode\extensions\qiu8310.dot-template-vscode-0.1.2\node_modules\dot-template-core\out\core\commands\Command.js:65:113)
    at c:\Users\Ger\.vscode\extensions\qiu8310.dot-template-vscode-0.1.2\node_modules\dot-template-core\out\core\commands\Command.js:72:80
    at Array.filter (<anonymous>)
    at CreateTemplateFilesCommand.Command.filter (c:\Users\Ger\.vscode\extensions\qiu8310.dot-template-vscode-0.1.2\node_modules\dot-template-core\out\core\commands\Command.js:70:14)
    at new CreateTemplateFilesCommand (c:\Users\Ger\.vscode\extensions\qiu8310.dot-template-vscode-0.1.2\node_modules\dot-template-core\out\core\commands\CreateTemplateFilesCommand.js:31:29)
    at c:\Users\Ger\.vscode\extensions\qiu8310.dot-template-vscode-0.1.2\node_modules\dot-template-core\out\core\Commander.js:160:80
    at Commander.<anonymous> (c:\Users\Ger\.vscode\extensions\qiu8310.dot-template-vscode-0.1.2\node_modules\dot-template-core\out\core\Commander.js:129:46)
    at step (c:\Users\Ger\.vscode\extensions\qiu8310.dot-template-vscode-0.1.2\node_modules\dot-template-core\node_modules\tslib\tslib.js:133:27)
    at Object.next (c:\Users\Ger\.vscode\extensions\qiu8310.dot-template-vscode-0.1.2\node_modules\dot-template-core\node_modules\tslib\tslib.js:114:57)
    at c:\Users\Ger\.vscode\extensions\qiu8310.dot-template-vscode-0.1.2\node_modules\dot-template-core\node_modules\tslib\tslib.js:107:75
    at new Promise (<anonymous>)
    at Object.__awaiter (c:\Users\Ger\.vscode\extensions\qiu8310.dot-template-vscode-0.1.2\node_modules\dot-template-core\node_modules\tslib\tslib.js:103:16)
    at Commander.wrap (c:\Users\Ger\.vscode\extensions\qiu8310.dot-template-vscode-0.1.2\node_modules\dot-template-core\out\core\Commander.js:123:24)
    at Commander.<anonymous> (c:\Users\Ger\.vscode\extensions\qiu8310.dot-template-vscode-0.1.2\node_modules\dot-template-core\out\core\Commander.js:160:44)
    at step (c:\Users\Ger\.vscode\extensions\qiu8310.dot-template-vscode-0.1.2\node_modules\dot-template-core\node_modules\tslib\tslib.js:133:27)
    at Object.next (c:\Users\Ger\.vscode\extensions\qiu8310.dot-template-vscode-0.1.2\node_modules\dot-template-core\node_modules\tslib\tslib.js:114:57)
    at c:\Users\Ger\.vscode\extensions\qiu8310.dot-template-vscode-0.1.2\node_modules\dot-template-core\node_modules\tslib\tslib.js:107:75
    at new Promise (<anonymous>)
    at Object.__awaiter (c:\Users\Ger\.vscode\extensions\qiu8310.dot-template-vscode-0.1.2\node_modules\dot-template-core\node_modules\tslib\tslib.js:103:16)
    at Commander.addCreateTemplateFilesCommand (c:\Users\Ger\.vscode\extensions\qiu8310.dot-template-vscode-0.1.2\node_modules\dot-template-core\out\core\Commander.js:157:24)
    at Application.<anonymous> (c:\Users\Ger\.vscode\extensions\qiu8310.dot-template-vscode-0.1.2\node_modules\dot-template-core\out\core\Application.js:49:61)
    at step (c:\Users\Ger\.vscode\extensions\qiu8310.dot-template-vscode-0.1.2\node_modules\dot-template-core\node_modules\tslib\tslib.js:133:27)
    at Object.next (c:\Users\Ger\.vscode\extensions\qiu8310.dot-template-vscode-0.1.2\node_modules\dot-template-core\node_modules\tslib\tslib.js:114:57)
    at c:\Users\Ger\.vscode\extensions\qiu8310.dot-template-vscode-0.1.2\node_modules\dot-template-core\node_modules\tslib\tslib.js:107:75
    at new Promise (<anonymous>)
    at Object.__awaiter (c:\Users\Ger\.vscode\extensions\qiu8310.dot-template-vscode-0.1.2\node_modules\dot-template-core\node_modules\tslib\tslib.js:103:16)
    at Application.createTemplateFiles (c:\Users\Ger\.vscode\extensions\qiu8310.dot-template-vscode-0.1.2\node_modules\dot-template-core\out\core\Application.js:47:28)
    at Application.<anonymous> (c:\Users\Ger\.vscode\extensions\qiu8310.dot-template-vscode-0.1.2\node_modules\dot-template-core\out\core\Application.js:109:51)
    at step (c:\Users\Ger\.vscode\extensions\qiu8310.dot-template-vscode-0.1.2\node_modules\dot-template-core\node_modules\tslib\tslib.js:133:27)
    at Object.next (c:\Users\Ger\.vscode\extensions\qiu8310.dot-template-vscode-0.1.2\node_modules\dot-template-core\node_modules\tslib\tslib.js:114:57)
    at c:\Users\Ger\.vscode\extensions\qiu8310.dot-template-vscode-0.1.2\node_modules\dot-template-core\node_modules\tslib\tslib.js:107:75
    at new Promise (<anonymous>)
    at Object.__awaiter (c:\Users\Ger\.vscode\extensions\qiu8310.dot-template-vscode-0.1.2\node_modules\dot-template-core\node_modules\tslib\tslib.js:103:16)
    at run (c:\Users\Ger\.vscode\extensions\qiu8310.dot-template-vscode-0.1.2\node_modules\dot-template-core\out\core\Application.js:84:48)
    at Application.<anonymous> (c:\Users\Ger\.vscode\extensions\qiu8310.dot-template-vscode-0.1.2\node_modules\dot-template-core\out\core\Application.js:153:50)
    at step (c:\Users\Ger\.vscode\extensions\qiu8310.dot-template-vscode-0.1.2\node_modules\dot-template-core\node_modules\tslib\tslib.js:133:27)
    at Object.next (c:\Users\Ger\.vscode\extensions\qiu8310.dot-template-vscode-0.1.2\node_modules\dot-template-core\node_modules\tslib\tslib.js:114:57)
    at c:\Users\Ger\.vscode\extensions\qiu8310.dot-template-vscode-0.1.2\node_modules\dot-template-core\node_modules\tslib\tslib.js:107:75
    at new Promise (<anonymous>)
    at Object.__awaiter (c:\Users\Ger\.vscode\extensions\qiu8310.dot-template-vscode-0.1.2\node_modules\dot-template-core\node_modules\tslib\tslib.js:103:16)
    at Timeout._onTimeout (c:\Users\Ger\.vscode\extensions\qiu8310.dot-template-vscode-0.1.2\node_modules\dot-template-core\out\core\Application.js:144:59)
    at listOnTimeout (internal/timers.js:549:17)
    at processTimers (internal/timers.js:492:7)